<?xml version="1.0" encoding="UTF-8"?>
<!-- Generated by org.testng.reporters.JUnitReportReporter -->
<testsuite hostname="LTPBAN252092840" name="com.Jenks.test.com.Jenks.test.JenkTest" tests="1" failures="0" timestamp="17 Jun 2020 06:43:27 GMT" time="45.954" errors="0">
  <testcase name="openGoogle" time="45.954" classname="com.Jenks.test.com.Jenks.test.JenkTest"/>
</testsuite> <!-- com.Jenks.test.com.Jenks.test.JenkTest -->
