<?xml version="1.0" encoding="UTF-8"?>
<!-- Generated by org.testng.reporters.JUnitReportReporter -->
<testsuite skipped="0" hostname="LTPBAN252092840" name="com.Jenks.test.com.Jenks.test.JenkTest" tests="1" failures="0" timestamp="2020-06-16T12:45:35 IST" time="15.556" errors="0">
  <testcase name="openGoogle" time="15.556" classname="com.Jenks.test.com.Jenks.test.JenkTest"/>
  <system-out/>
</testsuite> <!-- com.Jenks.test.com.Jenks.test.JenkTest -->
